<?xml version="1.0" encoding="UTF-8"?>
<!-- Generated by org.testng.reporters.JUnitReportReporter -->
<testsuite hostname="HMECL002041" name="com.amazon.Test.TestAddToCart" tests="1" failures="0" timestamp="15 Sep 2019 06:36:42 GMT" time="64.985" errors="0">
  <testcase name="testAddBestSellerHeadFoneToCard" time="64.985" classname="com.amazon.Test.TestAddToCart"/>
</testsuite> <!-- com.amazon.Test.TestAddToCart -->
