<?xml version="1.0" encoding="UTF-8"?>
<!-- Generated by org.testng.reporters.JUnitReportReporter -->
<testsuite skipped="0" hostname="HMECL002041" name="com.amazon.Test.AppTest" tests="1" failures="0" timestamp="2019-09-12T17:29:17 IST" time="0.001" errors="0">
  <testcase name="testApp" time="0.001" classname="com.amazon.Test.AppTest"/>
</testsuite> <!-- com.amazon.Test.AppTest -->
